Build started 13/12/2011 0:49:14.
     1>Project "C:\Users\kaichi\documents\visual studio 2010\Projects\test0000001\test0000001\test0000001.vcxproj" on node 2 (build target(s)).
     1>InitializeBuildStatus:
         Touching "Debug\test0000001.unsuccessfulbuild".
       ClCompile:
         C:\Program Files\Microsoft Visual Studio 10.0\VC\bin\CL.exe /c /ZI /nologo /W3 /WX- /Od /Oy- /D WIN32 /D _DEBUG /D _CONSOLE /D _UNICODE /D UNICODE /Gm /EHsc /RTC1 /MDd /GS /fp:precise /Zc:wchar_t /Zc:forScope /Fo"Debug\\" /Fd"Debug\vc100.pdb" /Gd /TC /analyze- /errorReport:prompt ..\..\CIS26Fall2011L43671KaChiLauLab7Ex1.c
         CIS26Fall2011L43671KaChiLauLab7Ex1.c
     1>c:\users\kaichi\documents\visual studio 2010\projects\cis26fall2011l43671kachilaulab7ex1.c(65): warning C4996: 'scanf': This function or variable may be unsafe. Consider using scanf_s instead. To disable deprecation, use _CRT_SECURE_NO_WARNINGS. See online help for details.
                 c:\program files\microsoft visual studio 10.0\vc\include\stdio.h(304) : see declaration of 'scanf'
     1>c:\users\kaichi\documents\visual studio 2010\projects\cis26fall2011l43671kachilaulab7ex1.c(92): warning C4996: 'scanf': This function or variable may be unsafe. Consider using scanf_s instead. To disable deprecation, use _CRT_SECURE_NO_WARNINGS. See online help for details.
                 c:\program files\microsoft visual studio 10.0\vc\include\stdio.h(304) : see declaration of 'scanf'
     1>c:\users\kaichi\documents\visual studio 2010\projects\cis26fall2011l43671kachilaulab7ex1.c(96): warning C4996: 'scanf': This function or variable may be unsafe. Consider using scanf_s instead. To disable deprecation, use _CRT_SECURE_NO_WARNINGS. See online help for details.
                 c:\program files\microsoft visual studio 10.0\vc\include\stdio.h(304) : see declaration of 'scanf'
       ManifestResourceCompile:
         All outputs are up-to-date.
       Link:
         C:\Program Files\Microsoft Visual Studio 10.0\VC\bin\link.exe /ERRORREPORT:PROMPT /OUT:"C:\Users\kaichi\documents\visual studio 2010\Projects\test0000001\Debug\test0000001.exe" /INCREMENTAL /NOLOGO kernel32.lib user32.lib gdi32.lib winspool.lib comdlg32.lib advapi32.lib shell32.lib ole32.lib oleaut32.lib uuid.lib odbc32.lib odbccp32.lib /MANIFEST /ManifestFile:"Debug\test0000001.exe.intermediate.manifest" /MANIFESTUAC:"level='asInvoker' uiAccess='false'" /DEBUG /PDB:"C:\Users\kaichi\documents\visual studio 2010\Projects\test0000001\Debug\test0000001.pdb" /SUBSYSTEM:CONSOLE /TLBID:1 /DYNAMICBASE /NXCOMPAT /IMPLIB:"C:\Users\kaichi\documents\visual studio 2010\Projects\test0000001\Debug\test0000001.lib" /MACHINE:X86 Debug\test0000001.exe.embed.manifest.res
         Debug\CIS26Fall2011L43671KaChiLauLab7Ex1.obj
     1>LINK : fatal error LNK1168: cannot open C:\Users\kaichi\documents\visual studio 2010\Projects\test0000001\Debug\test0000001.exe for writing
     1>Done Building Project "C:\Users\kaichi\documents\visual studio 2010\Projects\test0000001\test0000001\test0000001.vcxproj" (build target(s)) -- FAILED.

Build FAILED.

Time Elapsed 00:00:01.82
